-------------------------------------------------------------------------------
Test set: com.bvis.wip.InMemoryH2Test
-------------------------------------------------------------------------------
Tests run: 1, Failures: 0, Errors: 1, Skipped: 0, Time elapsed: 0.347 sec <<< FAILURE!
com.bvis.wip.InMemoryH2Test  Time elapsed: 0.346 sec  <<< ERROR!
org.springframework.beans.factory.BeanDefinitionStoreException: IOException parsing XML document from class path resource [activiti.cfg.xml]; nested exception is java.io.FileNotFoundException: class path resource [activiti.cfg.xml] cannot be opened because it does not exist
	at org.springframework.beans.factory.xml.XmlBeanDefinitionReader.loadBeanDefinitions(XmlBeanDefinitionReader.java:344)
	at org.springframework.beans.factory.xml.XmlBeanDefinitionReader.loadBeanDefinitions(XmlBeanDefinitionReader.java:304)
	at org.camunda.bpm.engine.impl.cfg.BeansConfigurationHelper.parseProcessEngineConfiguration(BeansConfigurationHelper.java:37)
	at org.camunda.bpm.engine.impl.cfg.BeansConfigurationHelper.parseProcessEngineConfigurationFromResource(BeansConfigurationHelper.java:52)
	at org.camunda.bpm.engine.ProcessEngineConfiguration.createProcessEngineConfigurationFromResource(ProcessEngineConfiguration.java:379)
	at org.camunda.bpm.engine.ProcessEngineConfiguration.createProcessEngineConfigurationFromResource(ProcessEngineConfiguration.java:375)
	at org.camunda.bpm.engine.impl.test.TestHelper.getProcessEngine(TestHelper.java:431)
	at org.camunda.bpm.engine.test.ProcessEngineRule.initializeProcessEngine(ProcessEngineRule.java:179)
	at org.camunda.bpm.engine.test.ProcessEngineRule.apply(ProcessEngineRule.java:158)
	at org.camunda.bpm.extension.process_test_coverage.junit.rules.TestCoverageProcessEngineRule.apply(TestCoverageProcessEngineRule.java:399)
	at org.junit.rules.RunRules.applyAll(RunRules.java:26)
	at org.junit.rules.RunRules.<init>(RunRules.java:15)
	at org.junit.runners.ParentRunner.withClassRules(ParentRunner.java:245)
	at org.junit.runners.ParentRunner.classBlock(ParentRunner.java:194)
	at org.junit.runners.ParentRunner.run(ParentRunner.java:362)
	at org.apache.maven.surefire.junit4.JUnit4Provider.execute(JUnit4Provider.java:252)
	at org.apache.maven.surefire.junit4.JUnit4Provider.executeTestSet(JUnit4Provider.java:141)
	at org.apache.maven.surefire.junit4.JUnit4Provider.invoke(JUnit4Provider.java:112)
	at java.base/jdk.internal.reflect.NativeMethodAccessorImpl.invoke0(Native Method)
	at java.base/jdk.internal.reflect.NativeMethodAccessorImpl.invoke(NativeMethodAccessorImpl.java:62)
	at java.base/jdk.internal.reflect.DelegatingMethodAccessorImpl.invoke(DelegatingMethodAccessorImpl.java:43)
	at java.base/java.lang.reflect.Method.invoke(Method.java:567)
	at org.apache.maven.surefire.util.ReflectionUtils.invokeMethodWithArray(ReflectionUtils.java:189)
	at org.apache.maven.surefire.booter.ProviderFactory$ProviderProxy.invoke(ProviderFactory.java:165)
	at org.apache.maven.surefire.booter.ProviderFactory.invokeProvider(ProviderFactory.java:85)
	at org.apache.maven.surefire.booter.ForkedBooter.runSuitesInProcess(ForkedBooter.java:115)
	at org.apache.maven.surefire.booter.ForkedBooter.main(ForkedBooter.java:75)
Caused by: java.io.FileNotFoundException: class path resource [activiti.cfg.xml] cannot be opened because it does not exist
	at org.springframework.core.io.ClassPathResource.getInputStream(ClassPathResource.java:180)
	at org.springframework.beans.factory.xml.XmlBeanDefinitionReader.loadBeanDefinitions(XmlBeanDefinitionReader.java:330)
	... 26 more

